<?xml version="1.0" encoding="UTF-8"?>
<testng-results ignored="0" total="3" passed="3" failed="0" skipped="0">
  <reporter-output>
  </reporter-output>
  <suite started-at="2022-07-03T17:06:35 EDT" name="Default suite" finished-at="2022-07-03T17:06:47 EDT" duration-ms="12409">
    <groups>
    </groups>
    <test started-at="2022-07-03T17:06:35 EDT" name="Default test" finished-at="2022-07-03T17:06:47 EDT" duration-ms="12409">
      <class name="TestNG_Depends">
        <test-method is-config="true" signature="initialization()[pri:0, instance:TestNG_Depends@7e5afaa6]" started-at="2022-07-03T17:06:35 EDT" name="initialization" finished-at="2022-07-03T17:06:40 EDT" duration-ms="4866" status="PASS">
          <reporter-output>
          </reporter-output>
        </test-method> <!-- initialization -->
        <test-method signature="login()[pri:0, instance:TestNG_Depends@7e5afaa6]" started-at="2022-07-03T17:06:40 EDT" name="login" finished-at="2022-07-03T17:06:41 EDT" duration-ms="636" status="PASS">
          <reporter-output>
          </reporter-output>
        </test-method> <!-- login -->
        <test-method is-config="true" signature="teardown()[pri:0, instance:TestNG_Depends@7e5afaa6]" started-at="2022-07-03T17:06:41 EDT" name="teardown" finished-at="2022-07-03T17:06:41 EDT" duration-ms="505" status="PASS">
          <reporter-output>
          </reporter-output>
        </test-method> <!-- teardown -->
        <test-method is-config="true" signature="initialization()[pri:0, instance:TestNG_Depends@7e5afaa6]" started-at="2022-07-03T17:06:41 EDT" name="initialization" finished-at="2022-07-03T17:06:44 EDT" duration-ms="2603" status="PASS">
          <reporter-output>
          </reporter-output>
        </test-method> <!-- initialization -->
        <test-method signature="logoTest()[pri:1, instance:TestNG_Depends@7e5afaa6]" started-at="2022-07-03T17:06:44 EDT" name="logoTest" finished-at="2022-07-03T17:06:44 EDT" depends-on-methods="TestNG_Depends.login" duration-ms="163" status="PASS">
          <reporter-output>
          </reporter-output>
        </test-method> <!-- logoTest -->
        <test-method is-config="true" signature="teardown()[pri:0, instance:TestNG_Depends@7e5afaa6]" started-at="2022-07-03T17:06:44 EDT" name="teardown" finished-at="2022-07-03T17:06:44 EDT" duration-ms="388" status="PASS">
          <reporter-output>
          </reporter-output>
        </test-method> <!-- teardown -->
        <test-method is-config="true" signature="initialization()[pri:0, instance:TestNG_Depends@7e5afaa6]" started-at="2022-07-03T17:06:44 EDT" name="initialization" finished-at="2022-07-03T17:06:47 EDT" duration-ms="2760" status="PASS">
          <reporter-output>
          </reporter-output>
        </test-method> <!-- initialization -->
        <test-method signature="titleTest()[pri:1, instance:TestNG_Depends@7e5afaa6]" started-at="2022-07-03T17:06:47 EDT" name="titleTest" finished-at="2022-07-03T17:06:47 EDT" depends-on-methods="TestNG_Depends.login" duration-ms="30" status="PASS">
          <reporter-output>
          </reporter-output>
        </test-method> <!-- titleTest -->
        <test-method is-config="true" signature="teardown()[pri:0, instance:TestNG_Depends@7e5afaa6]" started-at="2022-07-03T17:06:47 EDT" name="teardown" finished-at="2022-07-03T17:06:47 EDT" duration-ms="372" status="PASS">
          <reporter-output>
          </reporter-output>
        </test-method> <!-- teardown -->
      </class> <!-- TestNG_Depends -->
    </test> <!-- Default test -->
  </suite> <!-- Default suite -->
</testng-results>
